<?xml version="1.0"?>
<!DOCTYPE coverage SYSTEM "http://cobertura.sourceforge.net/xml/coverage-04.dtd">
<coverage 
line-rate="0.00" lines-valid="566" lines-covered="0" branches-valid="10" branches-covered="0" branch-rate="0.00" complexity="0" version="1.0" timestamp="1618426466801">
    <sources>
        <source>--source</source>
        <source>/home/knoldus/Assignment/SCala/UserManagementSystem/crud/src/main/scala</source>
    </sources>
    <packages>
        <package name="com.usermanagement.crud.actor" line-rate="0.00" branch-rate="0.00" complexity="0">
            <classes>
                <class 
                name="com.usermanagement.crud.actor.UserActor" filename="com/usermanagement/crud/actor/UserActor.scala" line-rate="0.00" branch-rate="0.00" complexity="0">
                    <methods>
                        <method 
                        name="com.usermanagement.crud.actor/UserActor/updateAdminUsername" signature="()V" line-rate="0.00" branch-rate="0.00" complexity="0">
                            <lines>
                                <line number="120" hits="0" branch="false"/>
                                <line number="122" hits="0" branch="false"/>
                                <line number="122" hits="0" branch="false"/>
                                <line number="124" hits="0" branch="false"/>
                                <line number="122" hits="0" branch="false"/>
                            </lines>
</method>
                        <method 
                        name="com.usermanagement.crud.actor/UserActor/deleteUser" signature="()V" line-rate="0.00" branch-rate="0.00" complexity="0">
                            <lines>
                                <line number="138" hits="0" branch="false"/>
                                <line number="136" hits="0" branch="false"/>
                                <line number="138" hits="0" branch="false"/>
                                <line number="140" hits="0" branch="false"/>
                                <line number="138" hits="0" branch="false"/>
                            </lines>
</method>
                        <method 
                        name="com.usermanagement.crud.actor/UserActor/validateUserTpe" signature="()V" line-rate="0.00" branch-rate="0.00" complexity="0">
                            <lines>
                                <line number="93" hits="0" branch="false"/>
                                <line number="93" hits="0" branch="false"/>
                                <line number="93" hits="0" branch="false"/>
                            </lines>
</method>
                        <method 
                        name="com.usermanagement.crud.actor/UserActor/validateUserIdForUser" signature="()V" line-rate="0.00" branch-rate="0.00" complexity="0">
                            <lines>
                                <line number="82" hits="0" branch="false"/>
                                <line number="82" hits="0" branch="false"/>
                                <line number="82" hits="0" branch="false"/>
                            </lines>
</method>
                        <method 
                        name="com.usermanagement.crud.actor/UserActor/receive" signature="()V" line-rate="0.00" branch-rate="0.00" complexity="0">
                            <lines>
                                <line number="54" hits="0" branch="false"/>
                                <line number="43" hits="0" branch="false"/>
                                <line number="49" hits="0" branch="false"/>
                                <line number="56" hits="0" branch="false"/>
                                <line number="45" hits="0" branch="false"/>
                                <line number="57" hits="0" branch="false"/>
                                <line number="49" hits="0" branch="false"/>
                                <line number="40" hits="0" branch="false"/>
                                <line number="40" hits="0" branch="false"/>
                                <line number="46" hits="0" branch="false"/>
                                <line number="40" hits="0" branch="false"/>
                                <line number="46" hits="0" branch="false"/>
                                <line number="54" hits="0" branch="false"/>
                                <line number="37" hits="0" branch="false"/>
                                <line number="48" hits="0" branch="false"/>
                                <line number="43" hits="0" branch="false"/>
                                <line number="54" hits="0" branch="false"/>
                                <line number="43" hits="0" branch="false"/>
                                <line number="39" hits="0" branch="false"/>
                                <line number="49" hits="0" branch="false"/>
                                <line number="57" hits="0" branch="false"/>
                                <line number="57" hits="0" branch="false"/>
                                <line number="43" hits="0" branch="false"/>
                                <line number="49" hits="0" branch="false"/>
                                <line number="53" hits="0" branch="false"/>
                                <line number="40" hits="0" branch="false"/>
                                <line number="46" hits="0" branch="false"/>
                                <line number="57" hits="0" branch="false"/>
                                <line number="46" hits="0" branch="false"/>
                                <line number="54" hits="0" branch="false"/>
                                <line number="42" hits="0" branch="false"/>
                            </lines>
</method>
                        <method 
                        name="com.usermanagement.crud.actor/UserActor/insertUserDetails" signature="()V" line-rate="0.00" branch-rate="0.00" complexity="0">
                            <lines>
                                <line number="104" hits="0" branch="false"/>
                                <line number="106" hits="0" branch="false"/>
                                <line number="104" hits="0" branch="false"/>
                                <line number="102" hits="0" branch="false"/>
                                <line number="104" hits="0" branch="false"/>
                            </lines>
</method>
                        <method 
                        name="com.usermanagement.crud.actor/UserActor/getAllUserDetails" signature="()V" line-rate="0.00" branch-rate="0.00" complexity="0">
                            <lines>
                                <line number="68" hits="0" branch="false"/>
                                <line number="65" hits="0" branch="false"/>
                                <line number="70" hits="0" branch="false"/>
                            </lines>
</method>
                        <method 
                        name="com.usermanagement.crud.actor/UserActor/props" signature="()V" line-rate="0.00" branch-rate="0.00" complexity="0">
                            <lines>
                                <line number="184" hits="0" branch="false"/>
                                <line number="184" hits="0" branch="false"/>
                            </lines>
</method>
                    </methods>
                    <lines>
                        <line number="54" hits="0" branch="false"/>
                        <line number="120" hits="0" branch="false"/>
                        <line number="68" hits="0" branch="false"/>
                        <line number="104" hits="0" branch="false"/>
                        <line number="138" hits="0" branch="false"/>
                        <line number="82" hits="0" branch="false"/>
                        <line number="43" hits="0" branch="false"/>
                        <line number="106" hits="0" branch="false"/>
                        <line number="49" hits="0" branch="false"/>
                        <line number="56" hits="0" branch="false"/>
                        <line number="45" hits="0" branch="false"/>
                        <line number="184" hits="0" branch="false"/>
                        <line number="57" hits="0" branch="false"/>
                        <line number="93" hits="0" branch="false"/>
                        <line number="122" hits="0" branch="false"/>
                        <line number="49" hits="0" branch="false"/>
                        <line number="40" hits="0" branch="false"/>
                        <line number="40" hits="0" branch="false"/>
                        <line number="46" hits="0" branch="false"/>
                        <line number="122" hits="0" branch="false"/>
                        <line number="136" hits="0" branch="false"/>
                        <line number="93" hits="0" branch="false"/>
                        <line number="124" hits="0" branch="false"/>
                        <line number="40" hits="0" branch="false"/>
                        <line number="46" hits="0" branch="false"/>
                        <line number="54" hits="0" branch="false"/>
                        <line number="37" hits="0" branch="false"/>
                        <line number="48" hits="0" branch="false"/>
                        <line number="43" hits="0" branch="false"/>
                        <line number="104" hits="0" branch="false"/>
                        <line number="138" hits="0" branch="false"/>
                        <line number="54" hits="0" branch="false"/>
                        <line number="65" hits="0" branch="false"/>
                        <line number="43" hits="0" branch="false"/>
                        <line number="82" hits="0" branch="false"/>
                        <line number="39" hits="0" branch="false"/>
                        <line number="49" hits="0" branch="false"/>
                        <line number="57" hits="0" branch="false"/>
                        <line number="102" hits="0" branch="false"/>
                        <line number="140" hits="0" branch="false"/>
                        <line number="57" hits="0" branch="false"/>
                        <line number="82" hits="0" branch="false"/>
                        <line number="43" hits="0" branch="false"/>
                        <line number="49" hits="0" branch="false"/>
                        <line number="122" hits="0" branch="false"/>
                        <line number="53" hits="0" branch="false"/>
                        <line number="184" hits="0" branch="false"/>
                        <line number="40" hits="0" branch="false"/>
                        <line number="46" hits="0" branch="false"/>
                        <line number="57" hits="0" branch="false"/>
                        <line number="93" hits="0" branch="false"/>
                        <line number="46" hits="0" branch="false"/>
                        <line number="104" hits="0" branch="false"/>
                        <line number="138" hits="0" branch="false"/>
                        <line number="54" hits="0" branch="false"/>
                        <line number="70" hits="0" branch="false"/>
                        <line number="42" hits="0" branch="false"/>
                    </lines>
</class>
            </classes>
        </package>
        <package name="com.usermanagement.crud.dao" line-rate="0.00" branch-rate="0.00" complexity="0">
            <classes>
                <class 
                name="com.usermanagement.crud.dao.UserDAO" filename="com/usermanagement/crud/dao/UserDAO.scala" line-rate="0.00" branch-rate="0.00" complexity="0">
                    <methods>
                        <method 
                        name="com.usermanagement.crud.dao/UserDAO/deleteUser" signature="()V" line-rate="0.00" branch-rate="0.00" complexity="0">
                            <lines>
                                <line number="96" hits="0" branch="false"/>
                                <line number="97" hits="0" branch="false"/>
                                <line number="96" hits="0" branch="false"/>
                                <line number="96" hits="0" branch="false"/>
                                <line number="95" hits="0" branch="false"/>
                                <line number="96" hits="0" branch="false"/>
                                <line number="97" hits="0" branch="false"/>
                                <line number="97" hits="0" branch="false"/>
                                <line number="95" hits="0" branch="false"/>
                                <line number="93" hits="0" branch="false"/>
                                <line number="96" hits="0" branch="false"/>
                                <line number="97" hits="0" branch="false"/>
                                <line number="96" hits="0" branch="false"/>
                                <line number="96" hits="0" branch="false"/>
                                <line number="97" hits="0" branch="false"/>
                                <line number="96" hits="0" branch="false"/>
                                <line number="96" hits="0" branch="false"/>
                                <line number="97" hits="0" branch="false"/>
                                <line number="98" hits="0" branch="false"/>
                                <line number="96" hits="0" branch="false"/>
                                <line number="97" hits="0" branch="false"/>
                            </lines>
</method>
                        <method 
                        name="com.usermanagement.crud.dao/UserDAO/validateUserType" signature="()V" line-rate="0.00" branch-rate="0.00" complexity="0">
                            <lines>
                                <line number="63" hits="0" branch="false"/>
                                <line number="62" hits="0" branch="false"/>
                                <line number="60" hits="0" branch="false"/>
                                <line number="62" hits="0" branch="false"/>
                                <line number="62" hits="0" branch="false"/>
                                <line number="62" hits="0" branch="false"/>
                                <line number="62" hits="0" branch="false"/>
                                <line number="62" hits="0" branch="false"/>
                                <line number="62" hits="0" branch="false"/>
                                <line number="63" hits="0" branch="false"/>
                                <line number="62" hits="0" branch="false"/>
                                <line number="62" hits="0" branch="false"/>
                                <line number="64" hits="0" branch="false"/>
                                <line number="62" hits="0" branch="false"/>
                                <line number="62" hits="0" branch="false"/>
                                <line number="62" hits="0" branch="false"/>
                                <line number="62" hits="0" branch="false"/>
                                <line number="62" hits="0" branch="false"/>
                                <line number="62" hits="0" branch="false"/>
                                <line number="62" hits="0" branch="false"/>
                                <line number="62" hits="0" branch="false"/>
                                <line number="63" hits="0" branch="false"/>
                                <line number="62" hits="0" branch="false"/>
                            </lines>
</method>
                        <method 
                        name="com.usermanagement.crud.dao/UserDAO/updateUsername" signature="()V" line-rate="0.00" branch-rate="0.00" complexity="0">
                            <lines>
                                <line number="77" hits="0" branch="false"/>
                                <line number="83" hits="0" branch="false"/>
                            </lines>
</method>
                        <method 
                        name="com.usermanagement.crud.dao/UserDAO/createUser" signature="()V" line-rate="0.00" branch-rate="0.00" complexity="0">
                            <lines>
                                <line number="37" hits="0" branch="false"/>
                                <line number="37" hits="0" branch="false"/>
                            </lines>
</method>
                        <method 
                        name="com.usermanagement.crud.dao/UserDAO/getAllUsers" signature="()V" line-rate="0.00" branch-rate="0.00" complexity="0">
                            <lines>
                                <line number="106" hits="0" branch="false"/>
                                <line number="106" hits="0" branch="false"/>
                                <line number="106" hits="0" branch="false"/>
                            </lines>
</method>
                        <method 
                        name="com.usermanagement.crud.dao/UserDAO/validateUserId" signature="()V" line-rate="0.00" branch-rate="0.00" complexity="0">
                            <lines>
                                <line number="49" hits="0" branch="false"/>
                                <line number="48" hits="0" branch="false"/>
                                <line number="50" hits="0" branch="false"/>
                                <line number="48" hits="0" branch="false"/>
                                <line number="48" hits="0" branch="false"/>
                                <line number="48" hits="0" branch="false"/>
                                <line number="49" hits="0" branch="false"/>
                                <line number="48" hits="0" branch="false"/>
                                <line number="48" hits="0" branch="false"/>
                                <line number="49" hits="0" branch="false"/>
                                <line number="48" hits="0" branch="false"/>
                                <line number="46" hits="0" branch="false"/>
                                <line number="48" hits="0" branch="false"/>
                            </lines>
</method>
                    </methods>
                    <lines>
                        <line number="63" hits="0" branch="false"/>
                        <line number="96" hits="0" branch="false"/>
                        <line number="62" hits="0" branch="false"/>
                        <line number="97" hits="0" branch="false"/>
                        <line number="106" hits="0" branch="false"/>
                        <line number="60" hits="0" branch="false"/>
                        <line number="96" hits="0" branch="false"/>
                        <line number="62" hits="0" branch="false"/>
                        <line number="62" hits="0" branch="false"/>
                        <line number="37" hits="0" branch="false"/>
                        <line number="49" hits="0" branch="false"/>
                        <line number="96" hits="0" branch="false"/>
                        <line number="48" hits="0" branch="false"/>
                        <line number="62" hits="0" branch="false"/>
                        <line number="62" hits="0" branch="false"/>
                        <line number="95" hits="0" branch="false"/>
                        <line number="96" hits="0" branch="false"/>
                        <line number="50" hits="0" branch="false"/>
                        <line number="97" hits="0" branch="false"/>
                        <line number="62" hits="0" branch="false"/>
                        <line number="48" hits="0" branch="false"/>
                        <line number="97" hits="0" branch="false"/>
                        <line number="95" hits="0" branch="false"/>
                        <line number="93" hits="0" branch="false"/>
                        <line number="96" hits="0" branch="false"/>
                        <line number="97" hits="0" branch="false"/>
                        <line number="62" hits="0" branch="false"/>
                        <line number="63" hits="0" branch="false"/>
                        <line number="48" hits="0" branch="false"/>
                        <line number="62" hits="0" branch="false"/>
                        <line number="62" hits="0" branch="false"/>
                        <line number="37" hits="0" branch="false"/>
                        <line number="48" hits="0" branch="false"/>
                        <line number="64" hits="0" branch="false"/>
                        <line number="106" hits="0" branch="false"/>
                        <line number="96" hits="0" branch="false"/>
                        <line number="62" hits="0" branch="false"/>
                        <line number="96" hits="0" branch="false"/>
                        <line number="77" hits="0" branch="false"/>
                        <line number="62" hits="0" branch="false"/>
                        <line number="62" hits="0" branch="false"/>
                        <line number="49" hits="0" branch="false"/>
                        <line number="48" hits="0" branch="false"/>
                        <line number="106" hits="0" branch="false"/>
                        <line number="48" hits="0" branch="false"/>
                        <line number="62" hits="0" branch="false"/>
                        <line number="83" hits="0" branch="false"/>
                        <line number="97" hits="0" branch="false"/>
                        <line number="96" hits="0" branch="false"/>
                        <line number="49" hits="0" branch="false"/>
                        <line number="62" hits="0" branch="false"/>
                        <line number="62" hits="0" branch="false"/>
                        <line number="48" hits="0" branch="false"/>
                        <line number="96" hits="0" branch="false"/>
                        <line number="46" hits="0" branch="false"/>
                        <line number="62" hits="0" branch="false"/>
                        <line number="97" hits="0" branch="false"/>
                        <line number="98" hits="0" branch="false"/>
                        <line number="62" hits="0" branch="false"/>
                        <line number="63" hits="0" branch="false"/>
                        <line number="96" hits="0" branch="false"/>
                        <line number="62" hits="0" branch="false"/>
                        <line number="97" hits="0" branch="false"/>
                        <line number="48" hits="0" branch="false"/>
                    </lines>
</class>
                <class 
                name="com.usermanagement.crud.dao.UserDetailsTable" filename="com/usermanagement/crud/dao/UserDetailsTable.scala" line-rate="0.00" branch-rate="0.00" complexity="0">
                    <methods>
                        <method 
                        name="com.usermanagement.crud.dao/UserDetailsTable/*" signature="()V" line-rate="0.00" branch-rate="0.00" complexity="0">
                            <lines>
                                <line number="31" hits="0" branch="false"/>
                                <line number="31" hits="0" branch="false"/>
                                <line number="31" hits="0" branch="false"/>
                                <line number="31" hits="0" branch="false"/>
                                <line number="31" hits="0" branch="false"/>
                                <line number="31" hits="0" branch="false"/>
                                <line number="31" hits="0" branch="false"/>
                                <line number="31" hits="0" branch="false"/>
                                <line number="31" hits="0" branch="false"/>
                                <line number="31" hits="0" branch="false"/>
                                <line number="31" hits="0" branch="false"/>
                                <line number="31" hits="0" branch="false"/>
                                <line number="31" hits="0" branch="false"/>
                                <line number="31" hits="0" branch="false"/>
                                <line number="31" hits="0" branch="false"/>
                                <line number="31" hits="0" branch="false"/>
                                <line number="31" hits="0" branch="false"/>
                                <line number="31" hits="0" branch="false"/>
                                <line number="31" hits="0" branch="false"/>
                                <line number="31" hits="0" branch="false"/>
                            </lines>
</method>
                        <method 
                        name="com.usermanagement.crud.dao/UserDetailsTable/name" signature="()V" line-rate="0.00" branch-rate="0.00" complexity="0">
                            <lines>
                                <line number="26" hits="0" branch="false"/>
                                <line number="26" hits="0" branch="false"/>
                                <line number="26" hits="0" branch="false"/>
                            </lines>
</method>
                        <method 
                        name="com.usermanagement.crud.dao/UserDetailsTable/userType" signature="()V" line-rate="0.00" branch-rate="0.00" complexity="0">
                            <lines>
                                <line number="25" hits="0" branch="false"/>
                                <line number="25" hits="0" branch="false"/>
                                <line number="25" hits="0" branch="false"/>
                            </lines>
</method>
                        <method 
                        name="com.usermanagement.crud.dao/UserDetailsTable/userId" signature="()V" line-rate="0.00" branch-rate="0.00" complexity="0">
                            <lines>
                                <line number="24" hits="0" branch="false"/>
                                <line number="24" hits="0" branch="false"/>
                                <line number="24" hits="0" branch="false"/>
                                <line number="24" hits="0" branch="false"/>
                            </lines>
</method>
                        <method 
                        name="com.usermanagement.crud.dao/UserDetailsTable/userName" signature="()V" line-rate="0.00" branch-rate="0.00" complexity="0">
                            <lines>
                                <line number="27" hits="0" branch="false"/>
                                <line number="27" hits="0" branch="false"/>
                                <line number="27" hits="0" branch="false"/>
                            </lines>
</method>
                    </methods>
                    <lines>
                        <line number="31" hits="0" branch="false"/>
                        <line number="31" hits="0" branch="false"/>
                        <line number="25" hits="0" branch="false"/>
                        <line number="26" hits="0" branch="false"/>
                        <line number="24" hits="0" branch="false"/>
                        <line number="31" hits="0" branch="false"/>
                        <line number="31" hits="0" branch="false"/>
                        <line number="27" hits="0" branch="false"/>
                        <line number="24" hits="0" branch="false"/>
                        <line number="31" hits="0" branch="false"/>
                        <line number="31" hits="0" branch="false"/>
                        <line number="24" hits="0" branch="false"/>
                        <line number="27" hits="0" branch="false"/>
                        <line number="25" hits="0" branch="false"/>
                        <line number="31" hits="0" branch="false"/>
                        <line number="31" hits="0" branch="false"/>
                        <line number="31" hits="0" branch="false"/>
                        <line number="31" hits="0" branch="false"/>
                        <line number="26" hits="0" branch="false"/>
                        <line number="31" hits="0" branch="false"/>
                        <line number="31" hits="0" branch="false"/>
                        <line number="26" hits="0" branch="false"/>
                        <line number="31" hits="0" branch="false"/>
                        <line number="31" hits="0" branch="false"/>
                        <line number="27" hits="0" branch="false"/>
                        <line number="31" hits="0" branch="false"/>
                        <line number="24" hits="0" branch="false"/>
                        <line number="31" hits="0" branch="false"/>
                        <line number="31" hits="0" branch="false"/>
                        <line number="25" hits="0" branch="false"/>
                        <line number="31" hits="0" branch="false"/>
                        <line number="31" hits="0" branch="false"/>
                        <line number="31" hits="0" branch="false"/>
                    </lines>
</class>
            </classes>
        </package>
        <package name="com.usermanagement.crud.helper" line-rate="0.00" branch-rate="0.00" complexity="0">
            <classes>
                <class 
                name="com.usermanagement.crud.helper.Constants" filename="com/usermanagement/crud/helper/Constants.scala" line-rate="0.00" branch-rate="0.00" complexity="0">
                    <methods>
                        <method 
                        name="com.usermanagement.crud.helper/Constants/&lt;none&gt;" signature="()V" line-rate="0.00" branch-rate="0.00" complexity="0">
                            <lines>
                                <line number="28" hits="0" branch="false"/>
                                <line number="37" hits="0" branch="false"/>
                                <line number="31" hits="0" branch="false"/>
                                <line number="40" hits="0" branch="false"/>
                                <line number="39" hits="0" branch="false"/>
                                <line number="33" hits="0" branch="false"/>
                                <line number="42" hits="0" branch="false"/>
                                <line number="36" hits="0" branch="false"/>
                                <line number="30" hits="0" branch="false"/>
                                <line number="29" hits="0" branch="false"/>
                                <line number="38" hits="0" branch="false"/>
                                <line number="41" hits="0" branch="false"/>
                                <line number="28" hits="0" branch="false"/>
                                <line number="35" hits="0" branch="false"/>
                                <line number="34" hits="0" branch="false"/>
                            </lines>
</method>
                    </methods>
                    <lines>
                        <line number="28" hits="0" branch="false"/>
                        <line number="37" hits="0" branch="false"/>
                        <line number="31" hits="0" branch="false"/>
                        <line number="40" hits="0" branch="false"/>
                        <line number="39" hits="0" branch="false"/>
                        <line number="33" hits="0" branch="false"/>
                        <line number="42" hits="0" branch="false"/>
                        <line number="36" hits="0" branch="false"/>
                        <line number="30" hits="0" branch="false"/>
                        <line number="29" hits="0" branch="false"/>
                        <line number="38" hits="0" branch="false"/>
                        <line number="41" hits="0" branch="false"/>
                        <line number="28" hits="0" branch="false"/>
                        <line number="35" hits="0" branch="false"/>
                        <line number="34" hits="0" branch="false"/>
                    </lines>
</class>
            </classes>
        </package>
        <package name="com.usermanagement.crud.models" line-rate="0.00" branch-rate="0.00" complexity="0">
            <classes>
                <class 
                name="com.usermanagement.crud.models.ResponseFormat" filename="com/usermanagement/crud/models/ResponseFormat.scala" line-rate="0.00" branch-rate="0.00" complexity="0">
                    <methods>
                        <method 
                        name="com.usermanagement.crud.models/ResponseFormat/generateCommonResponseForError" signature="()V" line-rate="0.00" branch-rate="0.00" complexity="0">
                            <lines>
                                <line number="60" hits="0" branch="false"/>
                                <line number="60" hits="0" branch="false"/>
                                <line number="60" hits="0" branch="false"/>
                                <line number="57" hits="0" branch="false"/>
                            </lines>
</method>
                        <method 
                        name="com.usermanagement.crud.models/ResponseFormat/&lt;none&gt;" signature="()V" line-rate="0.00" branch-rate="0.00" complexity="0">
                            <lines>
                                <line number="33" hits="0" branch="false"/>
                            </lines>
</method>
                        <method 
                        name="com.usermanagement.crud.models/ResponseFormat/sendFormattedError" signature="()V" line-rate="0.00" branch-rate="0.00" complexity="0">
                            <lines>
                                <line number="48" hits="0" branch="false"/>
                                <line number="49" hits="0" branch="false"/>
                                <line number="48" hits="0" branch="false"/>
                                <line number="49" hits="0" branch="false"/>
                                <line number="48" hits="0" branch="false"/>
                                <line number="49" hits="0" branch="false"/>
                            </lines>
</method>
                        <method 
                        name="com.usermanagement.crud.models/ResponseFormat/generateCommonResponseForCaseClass" signature="()V" line-rate="0.00" branch-rate="0.00" complexity="0">
                            <lines>
                                <line number="41" hits="0" branch="false"/>
                            </lines>
</method>
                    </methods>
                    <lines>
                        <line number="41" hits="0" branch="false"/>
                        <line number="60" hits="0" branch="false"/>
                        <line number="60" hits="0" branch="false"/>
                        <line number="48" hits="0" branch="false"/>
                        <line number="49" hits="0" branch="false"/>
                        <line number="33" hits="0" branch="false"/>
                        <line number="60" hits="0" branch="false"/>
                        <line number="57" hits="0" branch="false"/>
                        <line number="48" hits="0" branch="false"/>
                        <line number="49" hits="0" branch="false"/>
                        <line number="48" hits="0" branch="false"/>
                        <line number="49" hits="0" branch="false"/>
                    </lines>
</class>
                <class 
                name="com.usermanagement.crud.models.HttpUtility" filename="com/usermanagement/crud/models/HttpUtility.scala" line-rate="0.00" branch-rate="0.00" complexity="0">
                    <methods>
                        <method 
                        name="com.usermanagement.crud.models/HttpUtility/&lt;none&gt;" signature="()V" line-rate="0.00" branch-rate="0.00" complexity="0">
                            <lines>
                                <line number="25" hits="0" branch="false"/>
                            </lines>
</method>
                        <method 
                        name="com.usermanagement.crud.models/HttpUtility/logDuration" signature="()V" line-rate="0.00" branch-rate="0.00" complexity="0">
                            <lines>
                                <line number="32" hits="0" branch="false"/>
                                <line number="28" hits="0" branch="false"/>
                                <line number="38" hits="0" branch="false"/>
                            </lines>
</method>
                        <method 
                        name="com.usermanagement.crud.models/HttpUtility/handleResponseWithEntity" signature="()V" line-rate="0.00" branch-rate="0.00" complexity="0">
                            <lines>
                                <line number="42" hits="0" branch="false"/>
                                <line number="42" hits="0" branch="false"/>
                                <line number="42" hits="0" branch="false"/>
                                <line number="42" hits="0" branch="false"/>
                                <line number="42" hits="0" branch="false"/>
                                <line number="42" hits="0" branch="false"/>
                            </lines>
</method>
                    </methods>
                    <lines>
                        <line number="32" hits="0" branch="false"/>
                        <line number="42" hits="0" branch="false"/>
                        <line number="42" hits="0" branch="false"/>
                        <line number="28" hits="0" branch="false"/>
                        <line number="25" hits="0" branch="false"/>
                        <line number="42" hits="0" branch="false"/>
                        <line number="38" hits="0" branch="false"/>
                        <line number="42" hits="0" branch="false"/>
                        <line number="42" hits="0" branch="false"/>
                        <line number="42" hits="0" branch="false"/>
                    </lines>
</class>
                <class 
                name="com.usermanagement.crud.models.HandleRejection" filename="com/usermanagement/crud/models/HandleRejection.scala" line-rate="0.00" branch-rate="0.00" complexity="0">
                    <methods>
                        <method 
                        name="com.usermanagement.crud.models/HandleRejection/newHandler" signature="()V" line-rate="0.00" branch-rate="0.00" complexity="0">
                            <lines>
                                <line number="58" hits="0" branch="false"/>
                                <line number="38" hits="0" branch="false"/>
                                <line number="42" hits="0" branch="false"/>
                                <line number="52" hits="0" branch="false"/>
                                <line number="60" hits="0" branch="false"/>
                                <line number="38" hits="0" branch="false"/>
                                <line number="40" hits="0" branch="false"/>
                                <line number="42" hits="0" branch="false"/>
                                <line number="60" hits="0" branch="false"/>
                                <line number="38" hits="0" branch="false"/>
                                <line number="49" hits="0" branch="false"/>
                                <line number="42" hits="0" branch="false"/>
                                <line number="45" hits="0" branch="false"/>
                                <line number="60" hits="0" branch="false"/>
                                <line number="42" hits="0" branch="false"/>
                                <line number="38" hits="0" branch="false"/>
                                <line number="60" hits="0" branch="false"/>
                                <line number="48" hits="0" branch="false"/>
                                <line number="45" hits="0" branch="false"/>
                                <line number="42" hits="0" branch="false"/>
                                <line number="60" hits="0" branch="false"/>
                                <line number="38" hits="0" branch="false"/>
                                <line number="42" hits="0" branch="false"/>
                                <line number="59" hits="0" branch="false"/>
                                <line number="56" hits="0" branch="false"/>
                                <line number="45" hits="0" branch="false"/>
                                <line number="36" hits="0" branch="false"/>
                                <line number="60" hits="0" branch="false"/>
                                <line number="38" hits="0" branch="false"/>
                                <line number="42" hits="0" branch="false"/>
                                <line number="45" hits="0" branch="false"/>
                                <line number="38" hits="0" branch="false"/>
                                <line number="60" hits="0" branch="false"/>
                            </lines>
</method>
                    </methods>
                    <lines>
                        <line number="58" hits="0" branch="false"/>
                        <line number="38" hits="0" branch="false"/>
                        <line number="42" hits="0" branch="false"/>
                        <line number="52" hits="0" branch="false"/>
                        <line number="60" hits="0" branch="false"/>
                        <line number="38" hits="0" branch="false"/>
                        <line number="40" hits="0" branch="false"/>
                        <line number="42" hits="0" branch="false"/>
                        <line number="60" hits="0" branch="false"/>
                        <line number="38" hits="0" branch="false"/>
                        <line number="49" hits="0" branch="false"/>
                        <line number="42" hits="0" branch="false"/>
                        <line number="45" hits="0" branch="false"/>
                        <line number="60" hits="0" branch="false"/>
                        <line number="42" hits="0" branch="false"/>
                        <line number="38" hits="0" branch="false"/>
                        <line number="60" hits="0" branch="false"/>
                        <line number="48" hits="0" branch="false"/>
                        <line number="45" hits="0" branch="false"/>
                        <line number="42" hits="0" branch="false"/>
                        <line number="60" hits="0" branch="false"/>
                        <line number="38" hits="0" branch="false"/>
                        <line number="42" hits="0" branch="false"/>
                        <line number="59" hits="0" branch="false"/>
                        <line number="56" hits="0" branch="false"/>
                        <line number="45" hits="0" branch="false"/>
                        <line number="36" hits="0" branch="false"/>
                        <line number="60" hits="0" branch="false"/>
                        <line number="38" hits="0" branch="false"/>
                        <line number="42" hits="0" branch="false"/>
                        <line number="45" hits="0" branch="false"/>
                        <line number="38" hits="0" branch="false"/>
                        <line number="60" hits="0" branch="false"/>
                    </lines>
</class>
                <class 
                name="com.usermanagement.crud.models.Helper" filename="com/usermanagement/crud/models/Helper.scala" line-rate="0.00" branch-rate="0.00" complexity="0">
                    <methods>
                        <method 
                        name="com.usermanagement.crud.models/Helper/&lt;none&gt;" signature="()V" line-rate="0.00" branch-rate="0.00" complexity="0">
                            <lines>
                                <line number="23" hits="0" branch="false"/>
                                <line number="23" hits="0" branch="false"/>
                            </lines>
</method>
                        <method 
                        name="com.usermanagement.crud.models/Helper/write" signature="()V" line-rate="0.00" branch-rate="0.00" complexity="0">
                            <lines>
                                <line number="27" hits="0" branch="false"/>
                                <line number="27" hits="0" branch="false"/>
                            </lines>
</method>
                    </methods>
                    <lines>
                        <line number="27" hits="0" branch="false"/>
                        <line number="23" hits="0" branch="false"/>
                        <line number="23" hits="0" branch="false"/>
                        <line number="27" hits="0" branch="false"/>
                    </lines>
</class>
            </classes>
        </package>
        <package name="com.usermanagement.crud.routes" line-rate="0.00" branch-rate="0.00" complexity="0">
            <classes>
                <class 
                name="com.usermanagement.crud.routes.UserRestService" filename="com/usermanagement/crud/routes/UserRestService.scala" line-rate="0.00" branch-rate="0.00" complexity="0">
                    <methods>
                        <method 
                        name="com.usermanagement.crud.routes/UserRestService/routes" signature="()V" line-rate="0.00" branch-rate="0.00" complexity="0">
                            <lines>
                                <line number="86" hits="0" branch="false"/>
                            </lines>
</method>
                        <method 
                        name="com.usermanagement.crud.routes/UserRestService/userRoutes" signature="()V" line-rate="0.00" branch-rate="0.00" complexity="0">
                            <lines>
                                <line number="59" hits="0" branch="false"/>
                                <line number="56" hits="0" branch="false"/>
                                <line number="53" hits="0" branch="false"/>
                                <line number="74" hits="0" branch="false"/>
                                <line number="73" hits="0" branch="false"/>
                                <line number="75" hits="0" branch="false"/>
                                <line number="48" hits="0" branch="false"/>
                                <line number="54" hits="0" branch="false"/>
                                <line number="79" hits="0" branch="false"/>
                                <line number="55" hits="0" branch="false"/>
                                <line number="58" hits="0" branch="false"/>
                                <line number="53" hits="0" branch="false"/>
                                <line number="75" hits="0" branch="false"/>
                                <line number="65" hits="0" branch="false"/>
                                <line number="69" hits="0" branch="false"/>
                                <line number="64" hits="0" branch="false"/>
                                <line number="79" hits="0" branch="false"/>
                                <line number="59" hits="0" branch="false"/>
                                <line number="63" hits="0" branch="false"/>
                                <line number="75" hits="0" branch="false"/>
                                <line number="56" hits="0" branch="false"/>
                                <line number="65" hits="0" branch="false"/>
                                <line number="48" hits="0" branch="false"/>
                                <line number="53" hits="0" branch="false"/>
                                <line number="69" hits="0" branch="false"/>
                                <line number="56" hits="0" branch="false"/>
                                <line number="50" hits="0" branch="false"/>
                                <line number="56" hits="0" branch="false"/>
                                <line number="49" hits="0" branch="false"/>
                                <line number="65" hits="0" branch="false"/>
                                <line number="79" hits="0" branch="false"/>
                                <line number="75" hits="0" branch="false"/>
                                <line number="75" hits="0" branch="false"/>
                                <line number="56" hits="0" branch="false"/>
                                <line number="69" hits="0" branch="false"/>
                                <line number="59" hits="0" branch="false"/>
                                <line number="73" hits="0" branch="false"/>
                                <line number="65" hits="0" branch="false"/>
                                <line number="50" hits="0" branch="false"/>
                                <line number="72" hits="0" branch="false"/>
                                <line number="75" hits="0" branch="false"/>
                                <line number="78" hits="0" branch="false"/>
                                <line number="65" hits="0" branch="false"/>
                                <line number="56" hits="0" branch="false"/>
                                <line number="69" hits="0" branch="false"/>
                                <line number="52" hits="0" branch="false"/>
                                <line number="55" hits="0" branch="false"/>
                                <line number="55" hits="0" branch="false"/>
                                <line number="64" hits="0" branch="false"/>
                                <line number="59" hits="0" branch="false"/>
                                <line number="63" hits="0" branch="false"/>
                                <line number="75" hits="0" branch="false"/>
                                <line number="53" hits="0" branch="false"/>
                                <line number="56" hits="0" branch="false"/>
                                <line number="65" hits="0" branch="false"/>
                                <line number="49" hits="0" branch="false"/>
                                <line number="63" hits="0" branch="false"/>
                                <line number="65" hits="0" branch="false"/>
                                <line number="79" hits="0" branch="false"/>
                                <line number="65" hits="0" branch="false"/>
                                <line number="75" hits="0" branch="false"/>
                                <line number="48" hits="0" branch="false"/>
                                <line number="59" hits="0" branch="false"/>
                                <line number="56" hits="0" branch="false"/>
                                <line number="79" hits="0" branch="false"/>
                                <line number="68" hits="0" branch="false"/>
                                <line number="62" hits="0" branch="false"/>
                                <line number="75" hits="0" branch="false"/>
                                <line number="65" hits="0" branch="false"/>
                                <line number="53" hits="0" branch="false"/>
                                <line number="55" hits="0" branch="false"/>
                                <line number="65" hits="0" branch="false"/>
                                <line number="74" hits="0" branch="false"/>
                                <line number="55" hits="0" branch="false"/>
                                <line number="56" hits="0" branch="false"/>
                                <line number="50" hits="0" branch="false"/>
                                <line number="75" hits="0" branch="false"/>
                                <line number="69" hits="0" branch="false"/>
                                <line number="73" hits="0" branch="false"/>
                            </lines>
</method>
                    </methods>
                    <lines>
                        <line number="59" hits="0" branch="false"/>
                        <line number="56" hits="0" branch="false"/>
                        <line number="53" hits="0" branch="false"/>
                        <line number="74" hits="0" branch="false"/>
                        <line number="73" hits="0" branch="false"/>
                        <line number="75" hits="0" branch="false"/>
                        <line number="48" hits="0" branch="false"/>
                        <line number="54" hits="0" branch="false"/>
                        <line number="79" hits="0" branch="false"/>
                        <line number="55" hits="0" branch="false"/>
                        <line number="58" hits="0" branch="false"/>
                        <line number="53" hits="0" branch="false"/>
                        <line number="75" hits="0" branch="false"/>
                        <line number="65" hits="0" branch="false"/>
                        <line number="69" hits="0" branch="false"/>
                        <line number="64" hits="0" branch="false"/>
                        <line number="79" hits="0" branch="false"/>
                        <line number="59" hits="0" branch="false"/>
                        <line number="63" hits="0" branch="false"/>
                        <line number="75" hits="0" branch="false"/>
                        <line number="56" hits="0" branch="false"/>
                        <line number="65" hits="0" branch="false"/>
                        <line number="48" hits="0" branch="false"/>
                        <line number="53" hits="0" branch="false"/>
                        <line number="69" hits="0" branch="false"/>
                        <line number="56" hits="0" branch="false"/>
                        <line number="50" hits="0" branch="false"/>
                        <line number="56" hits="0" branch="false"/>
                        <line number="49" hits="0" branch="false"/>
                        <line number="65" hits="0" branch="false"/>
                        <line number="79" hits="0" branch="false"/>
                        <line number="75" hits="0" branch="false"/>
                        <line number="75" hits="0" branch="false"/>
                        <line number="56" hits="0" branch="false"/>
                        <line number="69" hits="0" branch="false"/>
                        <line number="59" hits="0" branch="false"/>
                        <line number="73" hits="0" branch="false"/>
                        <line number="65" hits="0" branch="false"/>
                        <line number="50" hits="0" branch="false"/>
                        <line number="72" hits="0" branch="false"/>
                        <line number="75" hits="0" branch="false"/>
                        <line number="78" hits="0" branch="false"/>
                        <line number="65" hits="0" branch="false"/>
                        <line number="56" hits="0" branch="false"/>
                        <line number="69" hits="0" branch="false"/>
                        <line number="52" hits="0" branch="false"/>
                        <line number="55" hits="0" branch="false"/>
                        <line number="55" hits="0" branch="false"/>
                        <line number="64" hits="0" branch="false"/>
                        <line number="59" hits="0" branch="false"/>
                        <line number="63" hits="0" branch="false"/>
                        <line number="75" hits="0" branch="false"/>
                        <line number="53" hits="0" branch="false"/>
                        <line number="56" hits="0" branch="false"/>
                        <line number="65" hits="0" branch="false"/>
                        <line number="49" hits="0" branch="false"/>
                        <line number="63" hits="0" branch="false"/>
                        <line number="65" hits="0" branch="false"/>
                        <line number="79" hits="0" branch="false"/>
                        <line number="86" hits="0" branch="false"/>
                        <line number="65" hits="0" branch="false"/>
                        <line number="75" hits="0" branch="false"/>
                        <line number="48" hits="0" branch="false"/>
                        <line number="59" hits="0" branch="false"/>
                        <line number="56" hits="0" branch="false"/>
                        <line number="79" hits="0" branch="false"/>
                        <line number="68" hits="0" branch="false"/>
                        <line number="62" hits="0" branch="false"/>
                        <line number="75" hits="0" branch="false"/>
                        <line number="65" hits="0" branch="false"/>
                        <line number="53" hits="0" branch="false"/>
                        <line number="55" hits="0" branch="false"/>
                        <line number="65" hits="0" branch="false"/>
                        <line number="74" hits="0" branch="false"/>
                        <line number="55" hits="0" branch="false"/>
                        <line number="56" hits="0" branch="false"/>
                        <line number="50" hits="0" branch="false"/>
                        <line number="75" hits="0" branch="false"/>
                        <line number="69" hits="0" branch="false"/>
                        <line number="73" hits="0" branch="false"/>
                    </lines>
</class>
            </classes>
        </package>
        <package name="com.usermanagement.crud.servicehandler" line-rate="0.00" branch-rate="0.00" complexity="0">
            <classes>
                <class 
                name="com.usermanagement.crud.servicehandler.UserRestServiceHandler" filename="com/usermanagement/crud/servicehandler/UserRestServiceHandler.scala" line-rate="0.00" branch-rate="0.00" complexity="0">
                    <methods>
                        <method 
                        name="com.usermanagement.crud.servicehandler/UserRestServiceHandler/updateAdminUsername" signature="()V" line-rate="0.00" branch-rate="0.00" complexity="0">
                            <lines>
                                <line number="169" hits="0" branch="false"/>
                                <line number="176" hits="0" branch="false"/>
                                <line number="165" hits="0" branch="false"/>
                                <line number="200" hits="0" branch="false"/>
                                <line number="204" hits="0" branch="false"/>
                                <line number="186" hits="0" branch="false"/>
                                <line number="191" hits="0" branch="false"/>
                                <line number="167" hits="0" branch="false"/>
                                <line number="182" hits="0" branch="false"/>
                                <line number="195" hits="0" branch="false"/>
                                <line number="171" hits="0" branch="false"/>
                                <line number="196" hits="0" branch="false"/>
                                <line number="181" hits="0" branch="false"/>
                                <line number="173" hits="0" branch="false"/>
                                <line number="187" hits="0" branch="false"/>
                                <line number="180" hits="0" branch="false"/>
                                <line number="176" hits="0" branch="false"/>
                                <line number="195" hits="0" branch="false"/>
                                <line number="166" hits="0" branch="false"/>
                                <line number="186" hits="0" branch="false"/>
                                <line number="173" hits="0" branch="false"/>
                                <line number="181" hits="0" branch="false"/>
                                <line number="200" hits="0" branch="false"/>
                                <line number="176" hits="0" branch="false"/>
                                <line number="204" hits="0" branch="false"/>
                                <line number="191" hits="0" branch="false"/>
                                <line number="170" hits="0" branch="false"/>
                                <line number="202" hits="0" branch="false"/>
                                <line number="188" hits="0" branch="false"/>
                                <line number="164" hits="0" branch="false"/>
                                <line number="169" hits="0" branch="false"/>
                                <line number="198" hits="0" branch="false"/>
                                <line number="184" hits="0" branch="false"/>
                                <line number="191" hits="0" branch="false"/>
                                <line number="167" hits="0" branch="false"/>
                                <line number="179" hits="0" branch="false"/>
                                <line number="191" hits="0" branch="false"/>
                                <line number="199" hits="0" branch="false"/>
                                <line number="178" hits="0" branch="false"/>
                                <line number="204" hits="0" branch="false"/>
                                <line number="185" hits="0" branch="false"/>
                                <line number="166" hits="0" branch="false"/>
                                <line number="198" hits="0" branch="false"/>
                                <line number="195" hits="0" branch="false"/>
                                <line number="184" hits="0" branch="false"/>
                                <line number="181" hits="0" branch="false"/>
                                <line number="172" hits="0" branch="false"/>
                                <line number="171" hits="0" branch="false"/>
                                <line number="202" hits="0" branch="false"/>
                                <line number="176" hits="0" branch="false"/>
                                <line number="176" hits="0" branch="false"/>
                                <line number="188" hits="0" branch="false"/>
                                <line number="180" hits="0" branch="false"/>
                                <line number="168" hits="0" branch="false"/>
                                <line number="167" hits="0" branch="false"/>
                                <line number="194" hits="0" branch="false"/>
                                <line number="201" hits="0" branch="false"/>
                            </lines>
</method>
                        <method 
                        name="com.usermanagement.crud.servicehandler/UserRestServiceHandler/insertUserDetails" signature="()V" line-rate="0.00" branch-rate="0.00" complexity="0">
                            <lines>
                                <line number="131" hits="0" branch="false"/>
                                <line number="147" hits="0" branch="false"/>
                                <line number="129" hits="0" branch="false"/>
                                <line number="147" hits="0" branch="false"/>
                                <line number="142" hits="0" branch="false"/>
                                <line number="139" hits="0" branch="false"/>
                                <line number="134" hits="0" branch="false"/>
                                <line number="133" hits="0" branch="false"/>
                                <line number="129" hits="0" branch="false"/>
                                <line number="149" hits="0" branch="false"/>
                                <line number="137" hits="0" branch="false"/>
                                <line number="142" hits="0" branch="false"/>
                                <line number="150" hits="0" branch="false"/>
                                <line number="137" hits="0" branch="false"/>
                                <line number="131" hits="0" branch="false"/>
                                <line number="139" hits="0" branch="false"/>
                                <line number="145" hits="0" branch="false"/>
                                <line number="144" hits="0" branch="false"/>
                                <line number="132" hits="0" branch="false"/>
                                <line number="135" hits="0" branch="false"/>
                                <line number="148" hits="0" branch="false"/>
                                <line number="129" hits="0" branch="false"/>
                                <line number="142" hits="0" branch="false"/>
                                <line number="136" hits="0" branch="false"/>
                                <line number="148" hits="0" branch="false"/>
                                <line number="131" hits="0" branch="false"/>
                                <line number="136" hits="0" branch="false"/>
                                <line number="129" hits="0" branch="false"/>
                                <line number="150" hits="0" branch="false"/>
                                <line number="146" hits="0" branch="false"/>
                                <line number="138" hits="0" branch="false"/>
                                <line number="143" hits="0" branch="false"/>
                            </lines>
</method>
                        <method 
                        name="com.usermanagement.crud.servicehandler/UserRestServiceHandler/updateAdminUsernameRequest" signature="()V" line-rate="0.00" branch-rate="0.00" complexity="0">
                            <lines>
                                <line number="220" hits="0" branch="false"/>
                                <line number="236" hits="0" branch="false"/>
                                <line number="226" hits="0" branch="false"/>
                                <line number="231" hits="0" branch="false"/>
                                <line number="228" hits="0" branch="false"/>
                                <line number="236" hits="0" branch="false"/>
                                <line number="218" hits="0" branch="false"/>
                                <line number="218" hits="0" branch="false"/>
                                <line number="234" hits="0" branch="false"/>
                                <line number="233" hits="0" branch="false"/>
                                <line number="228" hits="0" branch="false"/>
                                <line number="221" hits="0" branch="false"/>
                                <line number="224" hits="0" branch="false"/>
                                <line number="237" hits="0" branch="false"/>
                                <line number="231" hits="0" branch="false"/>
                                <line number="220" hits="0" branch="false"/>
                                <line number="239" hits="0" branch="false"/>
                                <line number="226" hits="0" branch="false"/>
                                <line number="218" hits="0" branch="false"/>
                                <line number="239" hits="0" branch="false"/>
                                <line number="227" hits="0" branch="false"/>
                                <line number="232" hits="0" branch="false"/>
                                <line number="235" hits="0" branch="false"/>
                                <line number="231" hits="0" branch="false"/>
                                <line number="218" hits="0" branch="false"/>
                                <line number="237" hits="0" branch="false"/>
                                <line number="225" hits="0" branch="false"/>
                                <line number="225" hits="0" branch="false"/>
                                <line number="220" hits="0" branch="false"/>
                                <line number="218" hits="0" branch="false"/>
                                <line number="222" hits="0" branch="false"/>
                                <line number="238" hits="0" branch="false"/>
                                <line number="223" hits="0" branch="false"/>
                            </lines>
</method>
                        <method 
                        name="com.usermanagement.crud.servicehandler/UserRestServiceHandler/deleteUser" signature="()V" line-rate="0.00" branch-rate="0.00" complexity="0">
                            <lines>
                                <line number="255" hits="0" branch="false"/>
                                <line number="284" hits="0" branch="false"/>
                                <line number="253" hits="0" branch="false"/>
                                <line number="262" hits="0" branch="false"/>
                                <line number="257" hits="0" branch="false"/>
                                <line number="276" hits="0" branch="false"/>
                                <line number="255" hits="0" branch="false"/>
                                <line number="285" hits="0" branch="false"/>
                                <line number="275" hits="0" branch="false"/>
                                <line number="255" hits="0" branch="false"/>
                                <line number="253" hits="0" branch="false"/>
                                <line number="284" hits="0" branch="false"/>
                                <line number="263" hits="0" branch="false"/>
                                <line number="257" hits="0" branch="false"/>
                                <line number="281" hits="0" branch="false"/>
                                <line number="273" hits="0" branch="false"/>
                                <line number="253" hits="0" branch="false"/>
                                <line number="273" hits="0" branch="false"/>
                                <line number="268" hits="0" branch="false"/>
                                <line number="255" hits="0" branch="false"/>
                                <line number="288" hits="0" branch="false"/>
                                <line number="265" hits="0" branch="false"/>
                                <line number="253" hits="0" branch="false"/>
                                <line number="260" hits="0" branch="false"/>
                                <line number="259" hits="0" branch="false"/>
                                <line number="280" hits="0" branch="false"/>
                                <line number="258" hits="0" branch="false"/>
                                <line number="286" hits="0" branch="false"/>
                                <line number="261" hits="0" branch="false"/>
                                <line number="268" hits="0" branch="false"/>
                                <line number="274" hits="0" branch="false"/>
                                <line number="290" hits="0" branch="false"/>
                                <line number="276" hits="0" branch="false"/>
                                <line number="282" hits="0" branch="false"/>
                                <line number="281" hits="0" branch="false"/>
                                <line number="253" hits="0" branch="false"/>
                                <line number="263" hits="0" branch="false"/>
                                <line number="257" hits="0" branch="false"/>
                                <line number="255" hits="0" branch="false"/>
                                <line number="270" hits="0" branch="false"/>
                                <line number="287" hits="0" branch="false"/>
                                <line number="265" hits="0" branch="false"/>
                                <line number="271" hits="0" branch="false"/>
                                <line number="281" hits="0" branch="false"/>
                                <line number="286" hits="0" branch="false"/>
                                <line number="269" hits="0" branch="false"/>
                                <line number="272" hits="0" branch="false"/>
                                <line number="264" hits="0" branch="false"/>
                                <line number="255" hits="0" branch="false"/>
                                <line number="288" hits="0" branch="false"/>
                                <line number="290" hits="0" branch="false"/>
                                <line number="268" hits="0" branch="false"/>
                                <line number="262" hits="0" branch="false"/>
                                <line number="274" hits="0" branch="false"/>
                            </lines>
</method>
                        <method 
                        name="com.usermanagement.crud.servicehandler/UserRestServiceHandler/&lt;none&gt;" signature="()V" line-rate="0.00" branch-rate="0.00" complexity="0">
                            <lines>
                                <line number="47" hits="0" branch="false"/>
                                <line number="47" hits="0" branch="false"/>
                                <line number="47" hits="0" branch="false"/>
                            </lines>
</method>
                        <method 
                        name="com.usermanagement.crud.servicehandler/UserRestServiceHandler/getUserDetails" signature="()V" line-rate="0.00" branch-rate="0.00" complexity="0">
                            <lines>
                                <line number="58" hits="0" branch="false"/>
                                <line number="66" hits="0" branch="false"/>
                                <line number="61" hits="0" branch="false"/>
                                <line number="66" hits="0" branch="false"/>
                                <line number="68" hits="0" branch="false"/>
                                <line number="72" hits="0" branch="false"/>
                                <line number="67" hits="0" branch="false"/>
                                <line number="61" hits="0" branch="false"/>
                                <line number="58" hits="0" branch="false"/>
                                <line number="59" hits="0" branch="false"/>
                                <line number="69" hits="0" branch="false"/>
                                <line number="63" hits="0" branch="false"/>
                                <line number="64" hits="0" branch="false"/>
                                <line number="65" hits="0" branch="false"/>
                                <line number="67" hits="0" branch="false"/>
                                <line number="61" hits="0" branch="false"/>
                                <line number="69" hits="0" branch="false"/>
                                <line number="59" hits="0" branch="false"/>
                                <line number="62" hits="0" branch="false"/>
                            </lines>
</method>
                        <method 
                        name="com.usermanagement.crud.servicehandler/UserRestServiceHandler/addUserDetails" signature="()V" line-rate="0.00" branch-rate="0.00" complexity="0">
                            <lines>
                                <line number="103" hits="0" branch="false"/>
                                <line number="109" hits="0" branch="false"/>
                                <line number="108" hits="0" branch="false"/>
                                <line number="95" hits="0" branch="false"/>
                                <line number="100" hits="0" branch="false"/>
                                <line number="104" hits="0" branch="false"/>
                                <line number="114" hits="0" branch="false"/>
                                <line number="90" hits="0" branch="false"/>
                                <line number="101" hits="0" branch="false"/>
                                <line number="85" hits="0" branch="false"/>
                                <line number="91" hits="0" branch="false"/>
                                <line number="107" hits="0" branch="false"/>
                                <line number="87" hits="0" branch="false"/>
                                <line number="104" hits="0" branch="false"/>
                                <line number="96" hits="0" branch="false"/>
                                <line number="113" hits="0" branch="false"/>
                                <line number="89" hits="0" branch="false"/>
                                <line number="102" hits="0" branch="false"/>
                                <line number="85" hits="0" branch="false"/>
                                <line number="87" hits="0" branch="false"/>
                                <line number="104" hits="0" branch="false"/>
                                <line number="103" hits="0" branch="false"/>
                                <line number="115" hits="0" branch="false"/>
                                <line number="101" hits="0" branch="false"/>
                                <line number="111" hits="0" branch="false"/>
                                <line number="100" hits="0" branch="false"/>
                                <line number="118" hits="0" branch="false"/>
                                <line number="86" hits="0" branch="false"/>
                                <line number="97" hits="0" branch="false"/>
                                <line number="103" hits="0" branch="false"/>
                                <line number="103" hits="0" branch="false"/>
                                <line number="101" hits="0" branch="false"/>
                                <line number="93" hits="0" branch="false"/>
                                <line number="113" hits="0" branch="false"/>
                                <line number="108" hits="0" branch="false"/>
                                <line number="87" hits="0" branch="false"/>
                                <line number="103" hits="0" branch="false"/>
                                <line number="85" hits="0" branch="false"/>
                                <line number="95" hits="0" branch="false"/>
                                <line number="90" hits="0" branch="false"/>
                                <line number="108" hits="0" branch="false"/>
                                <line number="85" hits="0" branch="false"/>
                                <line number="107" hits="0" branch="false"/>
                                <line number="93" hits="0" branch="false"/>
                                <line number="115" hits="0" branch="false"/>
                                <line number="101" hits="0" branch="false"/>
                                <line number="104" hits="0" branch="false"/>
                                <line number="90" hits="0" branch="false"/>
                                <line number="118" hits="0" branch="false"/>
                                <line number="100" hits="0" branch="false"/>
                                <line number="97" hits="0" branch="false"/>
                                <line number="100" hits="0" branch="false"/>
                                <line number="86" hits="0" branch="false"/>
                                <line number="112" hits="0" branch="false"/>
                                <line number="105" hits="0" branch="false"/>
                                <line number="100" hits="0" branch="false"/>
                                <line number="87" hits="0" branch="false"/>
                                <line number="94" hits="0" branch="false"/>
                                <line number="111" hits="0" branch="false"/>
                                <line number="103" hits="0" branch="false"/>
                            </lines>
</method>
                    </methods>
                    <lines>
                        <line number="255" hits="0" branch="false"/>
                        <line number="284" hits="0" branch="false"/>
                        <line number="169" hits="0" branch="false"/>
                        <line number="176" hits="0" branch="false"/>
                        <line number="253" hits="0" branch="false"/>
                        <line number="262" hits="0" branch="false"/>
                        <line number="165" hits="0" branch="false"/>
                        <line number="220" hits="0" branch="false"/>
                        <line number="200" hits="0" branch="false"/>
                        <line number="236" hits="0" branch="false"/>
                        <line number="204" hits="0" branch="false"/>
                        <line number="186" hits="0" branch="false"/>
                        <line number="191" hits="0" branch="false"/>
                        <line number="257" hits="0" branch="false"/>
                        <line number="276" hits="0" branch="false"/>
                        <line number="131" hits="0" branch="false"/>
                        <line number="147" hits="0" branch="false"/>
                        <line number="226" hits="0" branch="false"/>
                        <line number="167" hits="0" branch="false"/>
                        <line number="182" hits="0" branch="false"/>
                        <line number="255" hits="0" branch="false"/>
                        <line number="129" hits="0" branch="false"/>
                        <line number="195" hits="0" branch="false"/>
                        <line number="171" hits="0" branch="false"/>
                        <line number="196" hits="0" branch="false"/>
                        <line number="231" hits="0" branch="false"/>
                        <line number="147" hits="0" branch="false"/>
                        <line number="142" hits="0" branch="false"/>
                        <line number="228" hits="0" branch="false"/>
                        <line number="236" hits="0" branch="false"/>
                        <line number="103" hits="0" branch="false"/>
                        <line number="139" hits="0" branch="false"/>
                        <line number="109" hits="0" branch="false"/>
                        <line number="108" hits="0" branch="false"/>
                        <line number="218" hits="0" branch="false"/>
                        <line number="181" hits="0" branch="false"/>
                        <line number="95" hits="0" branch="false"/>
                        <line number="100" hits="0" branch="false"/>
                        <line number="134" hits="0" branch="false"/>
                        <line number="104" hits="0" branch="false"/>
                        <line number="133" hits="0" branch="false"/>
                        <line number="114" hits="0" branch="false"/>
                        <line number="90" hits="0" branch="false"/>
                        <line number="101" hits="0" branch="false"/>
                        <line number="173" hits="0" branch="false"/>
                        <line number="85" hits="0" branch="false"/>
                        <line number="91" hits="0" branch="false"/>
                        <line number="129" hits="0" branch="false"/>
                        <line number="187" hits="0" branch="false"/>
                        <line number="180" hits="0" branch="false"/>
                        <line number="176" hits="0" branch="false"/>
                        <line number="149" hits="0" branch="false"/>
                        <line number="58" hits="0" branch="false"/>
                        <line number="66" hits="0" branch="false"/>
                        <line number="107" hits="0" branch="false"/>
                        <line number="87" hits="0" branch="false"/>
                        <line number="137" hits="0" branch="false"/>
                        <line number="104" hits="0" branch="false"/>
                        <line number="96" hits="0" branch="false"/>
                        <line number="113" hits="0" branch="false"/>
                        <line number="89" hits="0" branch="false"/>
                        <line number="285" hits="0" branch="false"/>
                        <line number="61" hits="0" branch="false"/>
                        <line number="102" hits="0" branch="false"/>
                        <line number="85" hits="0" branch="false"/>
                        <line number="275" hits="0" branch="false"/>
                        <line number="255" hits="0" branch="false"/>
                        <line number="66" hits="0" branch="false"/>
                        <line number="68" hits="0" branch="false"/>
                        <line number="253" hits="0" branch="false"/>
                        <line number="284" hits="0" branch="false"/>
                        <line number="263" hits="0" branch="false"/>
                        <line number="257" hits="0" branch="false"/>
                        <line number="218" hits="0" branch="false"/>
                        <line number="87" hits="0" branch="false"/>
                        <line number="234" hits="0" branch="false"/>
                        <line number="233" hits="0" branch="false"/>
                        <line number="72" hits="0" branch="false"/>
                        <line number="228" hits="0" branch="false"/>
                        <line number="281" hits="0" branch="false"/>
                        <line number="273" hits="0" branch="false"/>
                        <line number="47" hits="0" branch="false"/>
                        <line number="195" hits="0" branch="false"/>
                        <line number="221" hits="0" branch="false"/>
                        <line number="224" hits="0" branch="false"/>
                        <line number="253" hits="0" branch="false"/>
                        <line number="166" hits="0" branch="false"/>
                        <line number="273" hits="0" branch="false"/>
                        <line number="186" hits="0" branch="false"/>
                        <line number="268" hits="0" branch="false"/>
                        <line number="255" hits="0" branch="false"/>
                        <line number="288" hits="0" branch="false"/>
                        <line number="265" hits="0" branch="false"/>
                        <line number="142" hits="0" branch="false"/>
                        <line number="173" hits="0" branch="false"/>
                        <line number="237" hits="0" branch="false"/>
                        <line number="231" hits="0" branch="false"/>
                        <line number="181" hits="0" branch="false"/>
                        <line number="200" hits="0" branch="false"/>
                        <line number="104" hits="0" branch="false"/>
                        <line number="176" hits="0" branch="false"/>
                        <line number="204" hits="0" branch="false"/>
                        <line number="253" hits="0" branch="false"/>
                        <line number="103" hits="0" branch="false"/>
                        <line number="191" hits="0" branch="false"/>
                        <line number="170" hits="0" branch="false"/>
                        <line number="202" hits="0" branch="false"/>
                        <line number="150" hits="0" branch="false"/>
                        <line number="188" hits="0" branch="false"/>
                        <line number="164" hits="0" branch="false"/>
                        <line number="260" hits="0" branch="false"/>
                        <line number="220" hits="0" branch="false"/>
                        <line number="259" hits="0" branch="false"/>
                        <line number="239" hits="0" branch="false"/>
                        <line number="137" hits="0" branch="false"/>
                        <line number="131" hits="0" branch="false"/>
                        <line number="115" hits="0" branch="false"/>
                        <line number="226" hits="0" branch="false"/>
                        <line number="101" hits="0" branch="false"/>
                        <line number="169" hits="0" branch="false"/>
                        <line number="139" hits="0" branch="false"/>
                        <line number="145" hits="0" branch="false"/>
                        <line number="111" hits="0" branch="false"/>
                        <line number="100" hits="0" branch="false"/>
                        <line number="118" hits="0" branch="false"/>
                        <line number="198" hits="0" branch="false"/>
                        <line number="86" hits="0" branch="false"/>
                        <line number="97" hits="0" branch="false"/>
                        <line number="103" hits="0" branch="false"/>
                        <line number="184" hits="0" branch="false"/>
                        <line number="191" hits="0" branch="false"/>
                        <line number="103" hits="0" branch="false"/>
                        <line number="167" hits="0" branch="false"/>
                        <line number="179" hits="0" branch="false"/>
                        <line number="144" hits="0" branch="false"/>
                        <line number="47" hits="0" branch="false"/>
                        <line number="67" hits="0" branch="false"/>
                        <line number="61" hits="0" branch="false"/>
                        <line number="101" hits="0" branch="false"/>
                        <line number="280" hits="0" branch="false"/>
                        <line number="58" hits="0" branch="false"/>
                        <line number="93" hits="0" branch="false"/>
                        <line number="132" hits="0" branch="false"/>
                        <line number="135" hits="0" branch="false"/>
                        <line number="113" hits="0" branch="false"/>
                        <line number="148" hits="0" branch="false"/>
                        <line number="108" hits="0" branch="false"/>
                        <line number="59" hits="0" branch="false"/>
                        <line number="87" hits="0" branch="false"/>
                        <line number="103" hits="0" branch="false"/>
                        <line number="69" hits="0" branch="false"/>
                        <line number="258" hits="0" branch="false"/>
                        <line number="286" hits="0" branch="false"/>
                        <line number="261" hits="0" branch="false"/>
                        <line number="218" hits="0" branch="false"/>
                        <line number="85" hits="0" branch="false"/>
                        <line number="95" hits="0" branch="false"/>
                        <line number="268" hits="0" branch="false"/>
                        <line number="63" hits="0" branch="false"/>
                        <line number="239" hits="0" branch="false"/>
                        <line number="274" hits="0" branch="false"/>
                        <line number="90" hits="0" branch="false"/>
                        <line number="290" hits="0" branch="false"/>
                        <line number="64" hits="0" branch="false"/>
                        <line number="227" hits="0" branch="false"/>
                        <line number="232" hits="0" branch="false"/>
                        <line number="191" hits="0" branch="false"/>
                        <line number="199" hits="0" branch="false"/>
                        <line number="178" hits="0" branch="false"/>
                        <line number="276" hits="0" branch="false"/>
                        <line number="204" hits="0" branch="false"/>
                        <line number="185" hits="0" branch="false"/>
                        <line number="282" hits="0" branch="false"/>
                        <line number="281" hits="0" branch="false"/>
                        <line number="235" hits="0" branch="false"/>
                        <line number="253" hits="0" branch="false"/>
                        <line number="263" hits="0" branch="false"/>
                        <line number="257" hits="0" branch="false"/>
                        <line number="166" hits="0" branch="false"/>
                        <line number="231" hits="0" branch="false"/>
                        <line number="218" hits="0" branch="false"/>
                        <line number="255" hits="0" branch="false"/>
                        <line number="108" hits="0" branch="false"/>
                        <line number="129" hits="0" branch="false"/>
                        <line number="198" hits="0" branch="false"/>
                        <line number="237" hits="0" branch="false"/>
                        <line number="195" hits="0" branch="false"/>
                        <line number="270" hits="0" branch="false"/>
                        <line number="287" hits="0" branch="false"/>
                        <line number="184" hits="0" branch="false"/>
                        <line number="142" hits="0" branch="false"/>
                        <line number="181" hits="0" branch="false"/>
                        <line number="172" hits="0" branch="false"/>
                        <line number="265" hits="0" branch="false"/>
                        <line number="271" hits="0" branch="false"/>
                        <line number="136" hits="0" branch="false"/>
                        <line number="148" hits="0" branch="false"/>
                        <line number="225" hits="0" branch="false"/>
                        <line number="85" hits="0" branch="false"/>
                        <line number="171" hits="0" branch="false"/>
                        <line number="131" hits="0" branch="false"/>
                        <line number="107" hits="0" branch="false"/>
                        <line number="136" hits="0" branch="false"/>
                        <line number="93" hits="0" branch="false"/>
                        <line number="129" hits="0" branch="false"/>
                        <line number="115" hits="0" branch="false"/>
                        <line number="150" hits="0" branch="false"/>
                        <line number="225" hits="0" branch="false"/>
                        <line number="220" hits="0" branch="false"/>
                        <line number="202" hits="0" branch="false"/>
                        <line number="101" hits="0" branch="false"/>
                        <line number="104" hits="0" branch="false"/>
                        <line number="176" hits="0" branch="false"/>
                        <line number="176" hits="0" branch="false"/>
                        <line number="188" hits="0" branch="false"/>
                        <line number="180" hits="0" branch="false"/>
                        <line number="90" hits="0" branch="false"/>
                        <line number="65" hits="0" branch="false"/>
                        <line number="118" hits="0" branch="false"/>
                        <line number="100" hits="0" branch="false"/>
                        <line number="97" hits="0" branch="false"/>
                        <line number="67" hits="0" branch="false"/>
                        <line number="100" hits="0" branch="false"/>
                        <line number="168" hits="0" branch="false"/>
                        <line number="167" hits="0" branch="false"/>
                        <line number="61" hits="0" branch="false"/>
                        <line number="86" hits="0" branch="false"/>
                        <line number="112" hits="0" branch="false"/>
                        <line number="146" hits="0" branch="false"/>
                        <line number="105" hits="0" branch="false"/>
                        <line number="138" hits="0" branch="false"/>
                        <line number="143" hits="0" branch="false"/>
                        <line number="100" hits="0" branch="false"/>
                        <line number="281" hits="0" branch="false"/>
                        <line number="87" hits="0" branch="false"/>
                        <line number="94" hits="0" branch="false"/>
                        <line number="111" hits="0" branch="false"/>
                        <line number="286" hits="0" branch="false"/>
                        <line number="69" hits="0" branch="false"/>
                        <line number="59" hits="0" branch="false"/>
                        <line number="269" hits="0" branch="false"/>
                        <line number="272" hits="0" branch="false"/>
                        <line number="47" hits="0" branch="false"/>
                        <line number="103" hits="0" branch="false"/>
                        <line number="264" hits="0" branch="false"/>
                        <line number="62" hits="0" branch="false"/>
                        <line number="218" hits="0" branch="false"/>
                        <line number="255" hits="0" branch="false"/>
                        <line number="222" hits="0" branch="false"/>
                        <line number="238" hits="0" branch="false"/>
                        <line number="194" hits="0" branch="false"/>
                        <line number="223" hits="0" branch="false"/>
                        <line number="288" hits="0" branch="false"/>
                        <line number="290" hits="0" branch="false"/>
                        <line number="201" hits="0" branch="false"/>
                        <line number="268" hits="0" branch="false"/>
                        <line number="262" hits="0" branch="false"/>
                        <line number="274" hits="0" branch="false"/>
                    </lines>
</class>
            </classes>
        </package>
    </packages>
</coverage>
